2024-04-19 08:33:39 -  - exec CUpdateClientPartner::SearchModulesEx
2024-04-19 08:33:39 -  - exec CUpdateClientPartner::__CollectRequestData
2024-04-19 08:33:39 -  - utf=Y&lang=ru&stable=Y&CANGZIP=Y&SUPD_DBS=MYSQL&XE=N&CLIENT_SITE=web-6&LICENSE_KEY=X&SUPD_STS=1&SUPD_URS=1&TYPENC=D&CLIENT_PHPVER=8.1.9&NGINX=Y&dbv=8.0.30&instm=main%2C23.300.100%2CY%3Bb24connector%2C22.0.0%2CN%3Bbitrix.sitecorporate%2C15.5.0%2CN%3Bbitrix.siteinfoportal%2C15.5.0%2CN%3Bbitrix.sitepersonal%2C15.5.0%2CN%3Bbitrixcloud%2C22.100.0%2CN%3Bblog%2C22.0.0%2CN%3Bclouds%2C23.0.0%2CN%3Bfileman%2C22.300.0%2CN%3Bform%2C22.0.0%2CN%3Bforum%2C23.0.0%2CN%3Bhighloadblock%2C22.200.0%2CN%3Biblock%2C23.100.0%2CN%3Blanding%2C23.600.150%2CN%3Blocation%2C23.0.0%2CN%3Bmessageservice%2C23.0.0%2CN%3Bmobileapp%2C23.0.0%2CN%3Bperfmon%2C21.0.0%2CN%3Bphotogallery%2C22.0.200%2CN%3Brest%2C23.100.0%2CN%3Bscale%2C21.0.0%2CN%3Bsearch%2C22.100.0%2CN%3Bsecurity%2C21.300.0%2CN%3Bseo%2C23.200.0%2CN%3Bsocialservices%2C22.200.400%2CN%3Bsubscribe%2C21.0.0%2CN%3Btranslate%2C23.200.0%2CN%3Bui%2C22.1600.0%2CN%3Bvote%2C23.0.0%2CN&search_module_id=&search_module=&search_category=7%2C14&search_type=&search_order=DESC&search_order_by=SORT&search_page=1&SUPD_SRS=RU&SUPD_CMP=N
2024-04-19 08:33:39 -  - exec CUpdateClientPartner::GetHTTPPage
2024-04-19 08:33:40 -  - TIME SearchModulesEx(request) 0.797 sec
2024-04-19 08:33:40 -  - exec CUpdateClientPartner::ParseServerData
2024-04-19 08:33:45 -  - exec CUpdateClientPartner::LoadModulesUpdates
2024-04-19 08:33:45 -  - exec CUpdateClientPartner::__CollectRequestData
2024-04-19 08:33:45 -  - utf=Y&lang=ru&stable=Y&CANGZIP=Y&SUPD_DBS=MYSQL&XE=N&CLIENT_SITE=web-6&LICENSE_KEY=X&SUPD_STS=1&SUPD_URS=1&TYPENC=D&CLIENT_PHPVER=8.1.9&NGINX=Y&dbv=8.0.30&instm=main%2C23.300.100%2CY%3Bb24connector%2C22.0.0%2CN%3Bbitrix.sitecorporate%2C15.5.0%2CN%3Bbitrix.siteinfoportal%2C15.5.0%2CN%3Bbitrix.sitepersonal%2C15.5.0%2CN%3Bbitrixcloud%2C22.100.0%2CN%3Bblog%2C22.0.0%2CN%3Bclouds%2C23.0.0%2CN%3Bfileman%2C22.300.0%2CN%3Bform%2C22.0.0%2CN%3Bforum%2C23.0.0%2CN%3Bhighloadblock%2C22.200.0%2CN%3Biblock%2C23.100.0%2CN%3Blanding%2C23.600.150%2CN%3Blocation%2C23.0.0%2CN%3Bmessageservice%2C23.0.0%2CN%3Bmobileapp%2C23.0.0%2CN%3Bperfmon%2C21.0.0%2CN%3Bphotogallery%2C22.0.200%2CN%3Brest%2C23.100.0%2CN%3Bscale%2C21.0.0%2CN%3Bsearch%2C22.100.0%2CN%3Bsecurity%2C21.300.0%2CN%3Bseo%2C23.200.0%2CN%3Bsocialservices%2C22.200.400%2CN%3Bsubscribe%2C21.0.0%2CN%3Btranslate%2C23.200.0%2CN%3Bui%2C22.1600.0%2CN%3Bvote%2C23.0.0%2CN&reqm=nsandrey.emptyinstall&lim=Y&SUPD_SRS=RU&SUPD_CMP=N
2024-04-19 08:33:45 -  - exec CUpdateClientPartner::GetHTTPPage
2024-04-19 08:33:45 -  - TIME LoadModulesUpdates(request) 0.328 sec
2024-04-19 08:33:45 -  - exec CUpdateClientPartner::ParseServerData
2024-04-19 08:33:45 - S - STEP
2024-04-19 08:33:45 - LM4W01 - loadModule4Wizard-Step
2024-04-19 08:33:45 -  - exec CUpdateClientPartner::LoadModulesUpdates
2024-04-19 08:33:45 -  - exec CUpdateClientPartner::ParseServerData
2024-04-19 08:33:45 -  - loadFile
2024-04-19 08:33:46 - U - RETURN
2024-04-19 08:33:46 -  - exec CUpdateClientPartner::UnGzipArchive
2024-04-19 08:33:46 -  - TIME UnGzipArchive 0.34 sec
2024-04-19 08:33:46 -  - TIME UpdateStepModules 0.13 sec
2024-04-19 08:33:46 -  - exec CUpdateClientPartner::LoadModulesUpdates
2024-04-19 08:33:46 -  - exec CUpdateClientPartner::__CollectRequestData
2024-04-19 08:33:46 -  - utf=Y&lang=ru&stable=Y&CANGZIP=Y&SUPD_DBS=MYSQL&XE=N&CLIENT_SITE=web-6&LICENSE_KEY=X&SUPD_STS=1&SUPD_URS=1&TYPENC=D&CLIENT_PHPVER=8.1.9&NGINX=Y&dbv=8.0.30&instm=main%2C23.300.100%2CY%3Bb24connector%2C22.0.0%2CN%3Bbitrix.sitecorporate%2C15.5.0%2CN%3Bbitrix.siteinfoportal%2C15.5.0%2CN%3Bbitrix.sitepersonal%2C15.5.0%2CN%3Bbitrixcloud%2C22.100.0%2CN%3Bblog%2C22.0.0%2CN%3Bclouds%2C23.0.0%2CN%3Bfileman%2C22.300.0%2CN%3Bform%2C22.0.0%2CN%3Bforum%2C23.0.0%2CN%3Bhighloadblock%2C22.200.0%2CN%3Biblock%2C23.100.0%2CN%3Blanding%2C23.600.150%2CN%3Blocation%2C23.0.0%2CN%3Bmessageservice%2C23.0.0%2CN%3Bmobileapp%2C23.0.0%2CN%3Bnsandrey.emptyinstall%2C1.0.5%2CN%3Bperfmon%2C21.0.0%2CN%3Bphotogallery%2C22.0.200%2CN%3Brest%2C23.100.0%2CN%3Bscale%2C21.0.0%2CN%3Bsearch%2C22.100.0%2CN%3Bsecurity%2C21.300.0%2CN%3Bseo%2C23.200.0%2CN%3Bsocialservices%2C22.200.400%2CN%3Bsubscribe%2C21.0.0%2CN%3Btranslate%2C23.200.0%2CN%3Bui%2C22.1600.0%2CN%3Bvote%2C23.0.0%2CN&reqm=nsandrey.emptyinstall&lim=Y&SUPD_SRS=RU&SUPD_CMP=N
2024-04-19 08:33:46 -  - exec CUpdateClientPartner::GetHTTPPage
2024-04-19 08:33:47 -  - TIME LoadModulesUpdates(request) 0.26 sec
2024-04-19 08:33:47 -  - exec CUpdateClientPartner::ParseServerData
2024-04-19 08:33:47 - STEP - Finish - NOUPDATES
2024-04-19 08:33:47 - LM4W03 - Finish - NOUPDATES
2024-04-19 08:34:34 -  - exec CUpdateClientPartner::__CollectRequestData
2024-04-19 08:34:34 -  - exec CUpdateClientPartner::GetHTTPPage
2024-04-19 08:34:35 -  - exec CUpdateClientPartner::ParseServerData
2024-04-19 08:34:35 -  - exec CUpdateClientPartner::GetUpdatesList
2024-04-19 08:34:35 -  - exec CUpdateClientPartner::__CollectRequestData
2024-04-19 08:34:35 -  - utf=Y&lang=ru&stable=Y&CANGZIP=Y&SUPD_DBS=MYSQL&XE=N&CLIENT_SITE=web-6&LICENSE_KEY=X&SUPD_STS=1&SUPD_URS=1&TYPENC=D&CLIENT_PHPVER=8.1.9&NGINX=Y&dbv=8.0.30&instm=main%2C23.300.100%2CY%3Bb24connector%2C22.0.0%2CN%3Bbitrix.sitecorporate%2C15.5.0%2CN%3Bbitrix.siteinfoportal%2C15.5.0%2CN%3Bbitrix.sitepersonal%2C15.5.0%2CN%3Bbitrixcloud%2C22.100.0%2CN%3Bblog%2C22.0.0%2CN%3Bclouds%2C23.0.0%2CN%3Bfileman%2C22.300.0%2CN%3Bform%2C22.0.0%2CN%3Bforum%2C23.0.0%2CN%3Bhighloadblock%2C22.200.0%2CN%3Biblock%2C23.100.0%2CN%3Blanding%2C23.600.150%2CN%3Blocation%2C23.0.0%2CN%3Bmessageservice%2C23.0.0%2CN%3Bmobileapp%2C23.0.0%2CN%3Bnsandrey.emptyinstall%2C1.0.5%2CN%3Bperfmon%2C21.0.0%2CN%3Bphotogallery%2C22.0.200%2CN%3Brest%2C23.100.0%2CN%3Bscale%2C21.0.0%2CN%3Bsearch%2C22.100.0%2CN%3Bsecurity%2C21.300.0%2CN%3Bseo%2C23.200.0%2CN%3Bsocialservices%2C22.200.400%2CN%3Bsubscribe%2C21.0.0%2CN%3Btranslate%2C23.200.0%2CN%3Bui%2C22.1600.0%2CN%3Bvote%2C23.0.0%2CN&reqm=bitrix.sitecorporate%2Cbitrix.siteinfoportal%2Cbitrix.sitepersonal%2Cnsandrey.emptyinstall&fullmoduleinfo=Y&SUPD_SRS=RU&SUPD_CMP=N
2024-04-19 08:34:35 -  - exec CUpdateClientPartner::GetHTTPPage
2024-04-19 08:34:35 -  - TIME GetUpdatesList(request) 0.313 sec
2024-04-19 08:34:35 -  - exec CUpdateClientPartner::ParseServerData
2024-04-19 08:34:35 -  - exec CUpdateClientPartner::__CollectRequestData
2024-04-19 08:34:35 -  - exec CUpdateClientPartner::GetHTTPPage
2024-04-19 08:34:35 -  - exec CUpdateClientPartner::ParseServerData
